0chain-core-sdk [INFO]   2024/06/19 15:59:56.767611 wallet_base.go:331: ******* Wallet SDK Version:v1.12.1-3-gbc68f654 ******* (SetLogFile)
0box-sdk        [INFO]   2024/06/19 15:59:56.769360 sdk.go:99: ******* Storage SDK Version: v1.12.1-3-gbc68f654 *******
0chain-core-sdk [INFO]   2024/06/19 15:59:57.557277 transaction_base.go:143: ******* Wallet SDK Version:v1.12.1-3-gbc68f654 ******* (InitZCNSDK)
0box-sdk        [DEBUG]  2024/06/19 15:59:58.547937 networkworker.go:119: Get network result:{"miners":["https://test3b.zus.network/miner02","https://test3b.zus.network/miner01","https://test3a.zus.network/miner01","https://test3a.zus.network/miner02"],"sharders":["https://test3b.zus.network/sharder01","https://test3a.zus.network/sharder01"]}
0box-sdk        [INFO]   2024/06/19 16:00:00.414058 node.go:194: Query from https://test3b.zus.network/sharder01/v1/client/get/balance?client_id=1746b06bb09f55ee01b33b5e2e055d6cc7a900cb57c0a3a5eaabb8a0e7745802
0box-sdk        [INFO]   2024/06/19 16:00:00.414077 node.go:194: Query from https://test3a.zus.network/sharder01/v1/client/get/balance?client_id=1746b06bb09f55ee01b33b5e2e055d6cc7a900cb57c0a3a5eaabb8a0e7745802
0box-sdk        [DEBUG]  2024/06/19 16:00:00.596036 node.go:147: https://test3b.zus.network/sharder01/v1/client/get/balance?client_id=1746b06bb09f55ee01b33b5e2e055d6cc7a900cb57c0a3a5eaabb8a0e7745802200 OK
0box-sdk        [DEBUG]  2024/06/19 16:00:00.596152 node.go:152: {"txn":"944b7f5e1ec357cd836616f5fb15a38ea33789dd7f1b970ba3124c07c01bffc9","round":37167,"balance":19337699297000000,"nonce":37}
0box-sdk        [DEBUG]  2024/06/19 16:00:00.602979 node.go:147: https://test3a.zus.network/sharder01/v1/client/get/balance?client_id=1746b06bb09f55ee01b33b5e2e055d6cc7a900cb57c0a3a5eaabb8a0e7745802200 OK
0box-sdk        [DEBUG]  2024/06/19 16:00:00.603074 node.go:152: {"txn":"944b7f5e1ec357cd836616f5fb15a38ea33789dd7f1b970ba3124c07c01bffc9","round":37167,"balance":19337699297000000,"nonce":37}
0box-sdk        [INFO]   2024/06/19 16:00:00.606046 sdk.go:1574: executing transaction 'new_allocation_request' with hash 50293d7e717af9be26ac244b930eec2357ceef47d9eff243abfeb72ad15092a5 
0box-sdk        [INFO]   2024/06/19 16:00:00.606140 sdk.go:1575: estimated txn fee: 30000000
0chain-core-sdk [INFO]   2024/06/19 17:16:33.990289 wallet_base.go:331: ******* Wallet SDK Version:v1.12.1-3-gbc68f654 ******* (SetLogFile)
0box-sdk        [INFO]   2024/06/19 17:16:33.991325 sdk.go:99: ******* Storage SDK Version: v1.12.1-3-gbc68f654 *******
0chain-core-sdk [31m[ERROR]  2024/06/19 17:16:35.016699 networkworker.go:51: Failed to update network details {error 26 0  get_network_details_error: Unable to get http request with 502 Bad Gateway}[0m
0chain-core-sdk [INFO]   2024/06/19 17:16:35.055017 wallet_base.go:331: ******* Wallet SDK Version:v1.12.1-3-gbc68f654 ******* (SetLogFile)
0box-sdk        [INFO]   2024/06/19 17:16:35.055244 sdk.go:99: ******* Storage SDK Version: v1.12.1-3-gbc68f654 *******
0chain-core-sdk [31m[ERROR]  2024/06/19 17:16:35.878609 networkworker.go:51: Failed to update network details {error 26 0  get_network_details_error: Unable to get http request with 502 Bad Gateway}[0m
0chain-core-sdk [INFO]   2024/06/19 17:16:47.059007 wallet_base.go:331: ******* Wallet SDK Version:v1.12.1-3-gbc68f654 ******* (SetLogFile)
0box-sdk        [INFO]   2024/06/19 17:16:47.059107 sdk.go:99: ******* Storage SDK Version: v1.12.1-3-gbc68f654 *******
0chain-core-sdk [31m[ERROR]  2024/06/19 17:16:47.849993 networkworker.go:51: Failed to update network details {error 26 0  get_network_details_error: Unable to get http request with 502 Bad Gateway}[0m
0chain-core-sdk [INFO]   2024/06/19 17:16:47.880118 wallet_base.go:331: ******* Wallet SDK Version:v1.12.1-3-gbc68f654 ******* (SetLogFile)
0box-sdk        [INFO]   2024/06/19 17:16:47.880277 sdk.go:99: ******* Storage SDK Version: v1.12.1-3-gbc68f654 *******
0chain-core-sdk [31m[ERROR]  2024/06/19 17:16:48.664838 networkworker.go:51: Failed to update network details {error 26 0  get_network_details_error: Unable to get http request with 502 Bad Gateway}[0m
0chain-core-sdk [INFO]   2024/06/19 17:25:17.206636 wallet_base.go:331: ******* Wallet SDK Version:v1.12.1-3-gbc68f654 ******* (SetLogFile)
0box-sdk        [INFO]   2024/06/19 17:25:17.207780 sdk.go:99: ******* Storage SDK Version: v1.12.1-3-gbc68f654 *******
0chain-core-sdk [INFO]   2024/06/19 17:25:18.118543 transaction_base.go:143: ******* Wallet SDK Version:v1.12.1-3-gbc68f654 ******* (InitZCNSDK)
0box-sdk        [DEBUG]  2024/06/19 17:25:18.896740 networkworker.go:119: Get network result:{"miners":["https://test3b.zus.network/miner01","https://test3a.zus.network/miner01","https://test3a.zus.network/miner02","https://test3b.zus.network/miner02"],"sharders":["https://test3a.zus.network/sharder01","https://test3b.zus.network/sharder01"]}
0box-sdk        [INFO]   2024/06/19 17:25:21.300734 node.go:194: Query from https://test3a.zus.network/sharder01/v1/client/get/balance?client_id=1746b06bb09f55ee01b33b5e2e055d6cc7a900cb57c0a3a5eaabb8a0e7745802
0box-sdk        [INFO]   2024/06/19 17:25:21.300734 node.go:194: Query from https://test3b.zus.network/sharder01/v1/client/get/balance?client_id=1746b06bb09f55ee01b33b5e2e055d6cc7a900cb57c0a3a5eaabb8a0e7745802
0box-sdk        [DEBUG]  2024/06/19 17:25:21.495048 node.go:147: https://test3a.zus.network/sharder01/v1/client/get/balance?client_id=1746b06bb09f55ee01b33b5e2e055d6cc7a900cb57c0a3a5eaabb8a0e7745802200 OK
0box-sdk        [DEBUG]  2024/06/19 17:25:21.495260 node.go:152: {"txn":"db9e3057238a85ad6d8f35017d95b7da0adbc89d9816d095d9ec0f3ee5e1f9d5","round":1162,"balance":19339899957000000,"nonce":15}
0box-sdk        [DEBUG]  2024/06/19 17:25:21.509987 node.go:147: https://test3b.zus.network/sharder01/v1/client/get/balance?client_id=1746b06bb09f55ee01b33b5e2e055d6cc7a900cb57c0a3a5eaabb8a0e7745802200 OK
0box-sdk        [DEBUG]  2024/06/19 17:25:21.510099 node.go:152: {"txn":"db9e3057238a85ad6d8f35017d95b7da0adbc89d9816d095d9ec0f3ee5e1f9d5","round":1162,"balance":19339899957000000,"nonce":15}
0box-sdk        [INFO]   2024/06/19 17:25:21.512820 sdk.go:1574: executing transaction 'new_allocation_request' with hash 3f108dd5abba731d3c00ff54a9320a6a33a833a8d0994b048e0b9d85af480a68 
0box-sdk        [INFO]   2024/06/19 17:25:21.512869 sdk.go:1575: estimated txn fee: 30000000
0chain-core-sdk [INFO]   2024/06/19 17:25:27.720698 wallet_base.go:331: ******* Wallet SDK Version:v1.12.1-3-gbc68f654 ******* (SetLogFile)
0box-sdk        [INFO]   2024/06/19 17:25:27.720853 sdk.go:99: ******* Storage SDK Version: v1.12.1-3-gbc68f654 *******
0chain-core-sdk [INFO]   2024/06/19 17:25:28.548763 transaction_base.go:143: ******* Wallet SDK Version:v1.12.1-3-gbc68f654 ******* (InitZCNSDK)
0box-sdk        [DEBUG]  2024/06/19 17:25:29.567226 networkworker.go:119: Get network result:{"miners":["https://test3b.zus.network/miner02","https://test3b.zus.network/miner01","https://test3a.zus.network/miner01","https://test3a.zus.network/miner02"],"sharders":["https://test3b.zus.network/sharder01","https://test3a.zus.network/sharder01"]}
0box-sdk        [INFO]   2024/06/19 17:25:31.669005 multi_operation_worker.go:126: https://test3-bv4.zus.network/blobber01/ connection obj created.
0box-sdk        [INFO]   2024/06/19 17:25:31.690403 multi_operation_worker.go:126: https://test3-bv1.zus.network/blobber01/ connection obj created.
0box-sdk        [INFO]   2024/06/19 17:25:31.694317 multi_operation_worker.go:162: MultiOperation Process start
0box-sdk        [INFO]   2024/06/19 17:27:23.434084 upload_worker.go:63: UploadOperation Success{name 15 0 200mbfile.pdf <nil>}
0box-sdk        [INFO]   2024/06/19 17:27:23.434364 multi_operation_worker.go:225: Trying to lock write marker.....
0box-sdk        [INFO]   2024/06/19 17:27:24.497180 writemarker_mutex.go:322: https://test3-bv1.zus.network/blobber01/mYz3exyVS7RLf87L8uRQNm locked
0box-sdk        [INFO]   2024/06/19 17:27:25.402006 writemarker_mutex.go:322: https://test3-bv4.zus.network/blobber01/mYz3exyVS7RLf87L8uRQNm locked
0box-sdk        [INFO]   2024/06/19 17:27:25.402246 multi_operation_worker.go:235: [writemarkerLocked]1967
0box-sdk        [INFO]   2024/06/19 17:27:25.617950 multi_operation_worker.go:292: [checkAllocStatus]215
0box-sdk        [INFO]   2024/06/19 17:27:25.618367 multi_operation_worker.go:315: Commit request sending to blobber https://test3-bv1.zus.network/blobber01/
0box-sdk        [INFO]   2024/06/19 17:27:25.618425 multi_operation_worker.go:315: Commit request sending to blobber https://test3-bv4.zus.network/blobber01/
0box-sdk        [INFO]   2024/06/19 17:27:25.618490 commitworker.go:102: received a commit request
0box-sdk        [INFO]   2024/06/19 17:27:25.618491 commitworker.go:102: received a commit request
0box-sdk        [INFO]   2024/06/19 17:27:25.819349 commitworker.go:258: Committing to blobber.https://test3-bv4.zus.network/blobber01/
0box-sdk        [INFO]   2024/06/19 17:27:25.832643 commitworker.go:258: Committing to blobber.https://test3-bv1.zus.network/blobber01/
0box-sdk        [INFO]   2024/06/19 17:27:26.026406 commitworker.go:297: https://test3-bv4.zus.network/blobber01/ committed
0box-sdk        [INFO]   2024/06/19 17:27:26.026592 commitworker.go:213: [commitBlobber]408
0box-sdk        [INFO]   2024/06/19 17:27:26.054865 commitworker.go:297: https://test3-bv1.zus.network/blobber01/ committed
0box-sdk        [INFO]   2024/06/19 17:27:26.054952 commitworker.go:213: [commitBlobber]436
0box-sdk        [INFO]   2024/06/19 17:27:26.055010 multi_operation_worker.go:320: [commitRequests]436
0box-sdk        [INFO]   2024/06/19 17:27:26.055065 multi_operation_worker.go:326: Commit successhttps://test3-bv1.zus.network/blobber01/
0box-sdk        [INFO]   2024/06/19 17:27:26.055106 multi_operation_worker.go:326: Commit successhttps://test3-bv4.zus.network/blobber01/
0box-sdk        [INFO]   2024/06/19 17:27:26.254767 writemarker_mutex.go:128: https://test3-bv4.zus.network/blobber01/mYz3exyVS7RLf87L8uRQNm unlocked
0box-sdk        [INFO]   2024/06/19 17:27:26.466874 writemarker_mutex.go:128: https://test3-bv1.zus.network/blobber01/mYz3exyVS7RLf87L8uRQNm unlocked
0chain-core-sdk [INFO]   2024/06/19 17:27:26.547518 wallet_base.go:331: ******* Wallet SDK Version:v1.12.1-3-gbc68f654 ******* (SetLogFile)
0box-sdk        [INFO]   2024/06/19 17:27:26.547637 sdk.go:99: ******* Storage SDK Version: v1.12.1-3-gbc68f654 *******
0chain-core-sdk [INFO]   2024/06/19 17:27:27.476913 transaction_base.go:143: ******* Wallet SDK Version:v1.12.1-3-gbc68f654 ******* (InitZCNSDK)
0box-sdk        [DEBUG]  2024/06/19 17:27:28.292283 networkworker.go:119: Get network result:{"miners":["https://test3a.zus.network/miner02","https://test3b.zus.network/miner02","https://test3b.zus.network/miner01","https://test3a.zus.network/miner01"],"sharders":["https://test3b.zus.network/sharder01","https://test3a.zus.network/sharder01"]}
0box-sdk        [INFO]   2024/06/19 17:27:29.888396 multi_operation_worker.go:126: https://test3-bv1.zus.network/blobber01/ connection obj created.
0box-sdk        [INFO]   2024/06/19 17:27:29.911709 multi_operation_worker.go:126: https://test3-bv4.zus.network/blobber01/ connection obj created.
0box-sdk        [INFO]   2024/06/19 17:27:29.915587 multi_operation_worker.go:162: MultiOperation Process start
0box-sdk        [INFO]   2024/06/19 17:30:40.223173 upload_worker.go:63: UploadOperation Success{name 15 0 file512000.txt <nil>}
0box-sdk        [INFO]   2024/06/19 17:30:40.223459 multi_operation_worker.go:225: Trying to lock write marker.....
0box-sdk        [INFO]   2024/06/19 17:30:40.917683 writemarker_mutex.go:322: https://test3-bv1.zus.network/blobber01/FWMdoPyZHRrzeiGC5FrvRd locked
0box-sdk        [INFO]   2024/06/19 17:30:41.664022 writemarker_mutex.go:322: https://test3-bv4.zus.network/blobber01/FWMdoPyZHRrzeiGC5FrvRd locked
0box-sdk        [INFO]   2024/06/19 17:30:41.664218 multi_operation_worker.go:235: [writemarkerLocked]1440
0box-sdk        [INFO]   2024/06/19 17:30:41.850291 multi_operation_worker.go:292: [checkAllocStatus]186
0box-sdk        [INFO]   2024/06/19 17:30:41.850369 multi_operation_worker.go:315: Commit request sending to blobber https://test3-bv1.zus.network/blobber01/
0box-sdk        [INFO]   2024/06/19 17:30:41.850408 multi_operation_worker.go:315: Commit request sending to blobber https://test3-bv4.zus.network/blobber01/
0box-sdk        [INFO]   2024/06/19 17:30:41.850446 commitworker.go:102: received a commit request
0box-sdk        [INFO]   2024/06/19 17:30:41.850524 commitworker.go:102: received a commit request
0box-sdk        [INFO]   2024/06/19 17:30:42.031157 commitworker.go:258: Committing to blobber.https://test3-bv1.zus.network/blobber01/
0box-sdk        [INFO]   2024/06/19 17:30:42.041084 commitworker.go:258: Committing to blobber.https://test3-bv4.zus.network/blobber01/
0box-sdk        [INFO]   2024/06/19 17:30:42.218797 commitworker.go:297: https://test3-bv1.zus.network/blobber01/ committed
0box-sdk        [INFO]   2024/06/19 17:30:42.218883 commitworker.go:213: [commitBlobber]368
0box-sdk        [INFO]   2024/06/19 17:30:42.235756 commitworker.go:297: https://test3-bv4.zus.network/blobber01/ committed
0box-sdk        [INFO]   2024/06/19 17:30:42.235848 commitworker.go:213: [commitBlobber]385
0box-sdk        [INFO]   2024/06/19 17:30:42.235881 multi_operation_worker.go:320: [commitRequests]385
0box-sdk        [INFO]   2024/06/19 17:30:42.235907 multi_operation_worker.go:326: Commit successhttps://test3-bv1.zus.network/blobber01/
0box-sdk        [INFO]   2024/06/19 17:30:42.235927 multi_operation_worker.go:326: Commit successhttps://test3-bv4.zus.network/blobber01/
0box-sdk        [INFO]   2024/06/19 17:30:42.418564 writemarker_mutex.go:128: https://test3-bv4.zus.network/blobber01/FWMdoPyZHRrzeiGC5FrvRd unlocked
0box-sdk        [INFO]   2024/06/19 17:30:42.589730 writemarker_mutex.go:128: https://test3-bv1.zus.network/blobber01/FWMdoPyZHRrzeiGC5FrvRd unlocked
0chain-core-sdk [INFO]   2024/06/19 17:30:42.674638 wallet_base.go:331: ******* Wallet SDK Version:v1.12.1-3-gbc68f654 ******* (SetLogFile)
0box-sdk        [INFO]   2024/06/19 17:30:42.674792 sdk.go:99: ******* Storage SDK Version: v1.12.1-3-gbc68f654 *******
0chain-core-sdk [INFO]   2024/06/19 17:30:43.477840 transaction_base.go:143: ******* Wallet SDK Version:v1.12.1-3-gbc68f654 ******* (InitZCNSDK)
0box-sdk        [DEBUG]  2024/06/19 17:30:44.247984 networkworker.go:119: Get network result:{"miners":["https://test3a.zus.network/miner01","https://test3a.zus.network/miner02","https://test3b.zus.network/miner02","https://test3b.zus.network/miner01"],"sharders":["https://test3a.zus.network/sharder01","https://test3b.zus.network/sharder01"]}
0box-sdk        [INFO]   2024/06/19 17:30:46.317102 node.go:194: Query from https://test3a.zus.network/sharder01/v1/client/get/balance?client_id=1746b06bb09f55ee01b33b5e2e055d6cc7a900cb57c0a3a5eaabb8a0e7745802
0box-sdk        [INFO]   2024/06/19 17:30:46.317082 node.go:194: Query from https://test3b.zus.network/sharder01/v1/client/get/balance?client_id=1746b06bb09f55ee01b33b5e2e055d6cc7a900cb57c0a3a5eaabb8a0e7745802
0box-sdk        [DEBUG]  2024/06/19 17:30:46.503389 node.go:147: https://test3b.zus.network/sharder01/v1/client/get/balance?client_id=1746b06bb09f55ee01b33b5e2e055d6cc7a900cb57c0a3a5eaabb8a0e7745802200 OK
0box-sdk        [DEBUG]  2024/06/19 17:30:46.503554 node.go:152: {"txn":"37d68ee814e83acae4a0307539065c5548acd1748afd65c7c57eed931c0318e6","round":2394,"balance":19339699897000000,"nonce":17}
0box-sdk        [DEBUG]  2024/06/19 17:30:46.513218 node.go:147: https://test3a.zus.network/sharder01/v1/client/get/balance?client_id=1746b06bb09f55ee01b33b5e2e055d6cc7a900cb57c0a3a5eaabb8a0e7745802200 OK
0box-sdk        [DEBUG]  2024/06/19 17:30:46.513340 node.go:152: {"txn":"37d68ee814e83acae4a0307539065c5548acd1748afd65c7c57eed931c0318e6","round":2394,"balance":19339699897000000,"nonce":17}
0box-sdk        [INFO]   2024/06/19 17:30:46.514755 sdk.go:1574: executing transaction 'new_allocation_request' with hash 27f5a4f770cbf7d844f3991af9d115813fbc6ac9427ce3dd55a30b6f350994b2 
0box-sdk        [INFO]   2024/06/19 17:30:46.514849 sdk.go:1575: estimated txn fee: 30000000
0chain-core-sdk [INFO]   2024/06/19 17:30:52.559973 wallet_base.go:331: ******* Wallet SDK Version:v1.12.1-3-gbc68f654 ******* (SetLogFile)
0box-sdk        [INFO]   2024/06/19 17:30:52.560139 sdk.go:99: ******* Storage SDK Version: v1.12.1-3-gbc68f654 *******
0chain-core-sdk [INFO]   2024/06/19 17:30:53.303800 transaction_base.go:143: ******* Wallet SDK Version:v1.12.1-3-gbc68f654 ******* (InitZCNSDK)
0box-sdk        [DEBUG]  2024/06/19 17:30:54.085013 networkworker.go:119: Get network result:{"miners":["https://test3a.zus.network/miner01","https://test3a.zus.network/miner02","https://test3b.zus.network/miner02","https://test3b.zus.network/miner01"],"sharders":["https://test3b.zus.network/sharder01","https://test3a.zus.network/sharder01"]}
0box-sdk        [INFO]   2024/06/19 17:30:55.573928 multi_operation_worker.go:126: https://test3-bv1.zus.network/blobber01/ connection obj created.
0box-sdk        [INFO]   2024/06/19 17:30:55.668265 multi_operation_worker.go:126: https://test3-bv4.zus.network/blobber01/ connection obj created.
0box-sdk        [INFO]   2024/06/19 17:30:55.672408 multi_operation_worker.go:162: MultiOperation Process start
0box-sdk        [INFO]   2024/06/19 17:32:20.054635 upload_worker.go:63: UploadOperation Success{name 15 0 200mbfile.pdf <nil>}
0box-sdk        [INFO]   2024/06/19 17:32:20.054918 multi_operation_worker.go:225: Trying to lock write marker.....
0box-sdk        [INFO]   2024/06/19 17:32:20.741829 writemarker_mutex.go:322: https://test3-bv1.zus.network/blobber01/An2GheLajb5W3eR49FCd9j locked
0box-sdk        [INFO]   2024/06/19 17:32:21.436357 writemarker_mutex.go:322: https://test3-bv4.zus.network/blobber01/An2GheLajb5W3eR49FCd9j locked
0box-sdk        [INFO]   2024/06/19 17:32:21.436551 multi_operation_worker.go:235: [writemarkerLocked]1381
0box-sdk        [INFO]   2024/06/19 17:32:21.606841 multi_operation_worker.go:292: [checkAllocStatus]170
0box-sdk        [INFO]   2024/06/19 17:32:21.606955 multi_operation_worker.go:315: Commit request sending to blobber https://test3-bv1.zus.network/blobber01/
0box-sdk        [INFO]   2024/06/19 17:32:21.606983 multi_operation_worker.go:315: Commit request sending to blobber https://test3-bv4.zus.network/blobber01/
0box-sdk        [INFO]   2024/06/19 17:32:21.607030 commitworker.go:102: received a commit request
0box-sdk        [INFO]   2024/06/19 17:32:21.607029 commitworker.go:102: received a commit request
0box-sdk        [INFO]   2024/06/19 17:32:21.782883 commitworker.go:258: Committing to blobber.https://test3-bv4.zus.network/blobber01/
0box-sdk        [INFO]   2024/06/19 17:32:21.782905 commitworker.go:258: Committing to blobber.https://test3-bv1.zus.network/blobber01/
0box-sdk        [INFO]   2024/06/19 17:32:21.963916 commitworker.go:297: https://test3-bv1.zus.network/blobber01/ committed
0box-sdk        [INFO]   2024/06/19 17:32:21.964109 commitworker.go:213: [commitBlobber]357
0box-sdk        [INFO]   2024/06/19 17:32:21.963915 commitworker.go:297: https://test3-bv4.zus.network/blobber01/ committed
0box-sdk        [INFO]   2024/06/19 17:32:21.964191 commitworker.go:213: [commitBlobber]357
0box-sdk        [INFO]   2024/06/19 17:32:21.964227 multi_operation_worker.go:320: [commitRequests]357
0box-sdk        [INFO]   2024/06/19 17:32:21.964277 multi_operation_worker.go:326: Commit successhttps://test3-bv1.zus.network/blobber01/
0box-sdk        [INFO]   2024/06/19 17:32:21.964314 multi_operation_worker.go:326: Commit successhttps://test3-bv4.zus.network/blobber01/
0box-sdk        [INFO]   2024/06/19 17:32:22.140427 writemarker_mutex.go:128: https://test3-bv4.zus.network/blobber01/An2GheLajb5W3eR49FCd9j unlocked
0box-sdk        [INFO]   2024/06/19 17:32:22.312794 writemarker_mutex.go:128: https://test3-bv1.zus.network/blobber01/An2GheLajb5W3eR49FCd9j unlocked
0chain-core-sdk [INFO]   2024/06/19 17:32:22.392715 wallet_base.go:331: ******* Wallet SDK Version:v1.12.1-3-gbc68f654 ******* (SetLogFile)
0box-sdk        [INFO]   2024/06/19 17:32:22.392834 sdk.go:99: ******* Storage SDK Version: v1.12.1-3-gbc68f654 *******
0chain-core-sdk [INFO]   2024/06/19 17:32:23.398803 transaction_base.go:143: ******* Wallet SDK Version:v1.12.1-3-gbc68f654 ******* (InitZCNSDK)
0box-sdk        [DEBUG]  2024/06/19 17:32:24.129843 networkworker.go:119: Get network result:{"miners":["https://test3b.zus.network/miner02","https://test3b.zus.network/miner01","https://test3a.zus.network/miner01","https://test3a.zus.network/miner02"],"sharders":["https://test3b.zus.network/sharder01","https://test3a.zus.network/sharder01"]}
0box-sdk        [INFO]   2024/06/19 17:32:25.922444 multi_operation_worker.go:126: https://test3-bv1.zus.network/blobber01/ connection obj created.
0box-sdk        [INFO]   2024/06/19 17:32:25.922488 multi_operation_worker.go:126: https://test3-bv4.zus.network/blobber01/ connection obj created.
0box-sdk        [INFO]   2024/06/19 17:32:25.927659 multi_operation_worker.go:162: MultiOperation Process start
0box-sdk        [INFO]   2024/06/19 17:36:13.112522 upload_worker.go:63: UploadOperation Success{name 15 0 file512000.txt <nil>}
0box-sdk        [INFO]   2024/06/19 17:36:13.115023 multi_operation_worker.go:225: Trying to lock write marker.....
0box-sdk        [INFO]   2024/06/19 17:36:13.970415 writemarker_mutex.go:322: https://test3-bv1.zus.network/blobber01/hPrffwbnNeMSMUdJXpdYWh locked
0box-sdk        [INFO]   2024/06/19 17:36:14.733863 writemarker_mutex.go:322: https://test3-bv4.zus.network/blobber01/hPrffwbnNeMSMUdJXpdYWh locked
0box-sdk        [INFO]   2024/06/19 17:36:14.734007 multi_operation_worker.go:235: [writemarkerLocked]1619
0box-sdk        [INFO]   2024/06/19 17:36:14.932290 multi_operation_worker.go:292: [checkAllocStatus]198
0box-sdk        [INFO]   2024/06/19 17:36:14.932340 multi_operation_worker.go:315: Commit request sending to blobber https://test3-bv1.zus.network/blobber01/
0box-sdk        [INFO]   2024/06/19 17:36:14.932359 multi_operation_worker.go:315: Commit request sending to blobber https://test3-bv4.zus.network/blobber01/
0box-sdk        [INFO]   2024/06/19 17:36:14.932383 commitworker.go:102: received a commit request
0box-sdk        [INFO]   2024/06/19 17:36:14.932391 commitworker.go:102: received a commit request
0box-sdk        [INFO]   2024/06/19 17:36:15.119973 commitworker.go:258: Committing to blobber.https://test3-bv4.zus.network/blobber01/
0box-sdk        [INFO]   2024/06/19 17:36:15.136919 commitworker.go:258: Committing to blobber.https://test3-bv1.zus.network/blobber01/
0box-sdk        [INFO]   2024/06/19 17:36:15.312556 commitworker.go:297: https://test3-bv4.zus.network/blobber01/ committed
0box-sdk        [INFO]   2024/06/19 17:36:15.312757 commitworker.go:213: [commitBlobber]380
0box-sdk        [INFO]   2024/06/19 17:36:15.366261 commitworker.go:297: https://test3-bv1.zus.network/blobber01/ committed
0box-sdk        [INFO]   2024/06/19 17:36:15.366326 commitworker.go:213: [commitBlobber]433
0box-sdk        [INFO]   2024/06/19 17:36:15.366355 multi_operation_worker.go:320: [commitRequests]434
0box-sdk        [INFO]   2024/06/19 17:36:15.366394 multi_operation_worker.go:326: Commit successhttps://test3-bv1.zus.network/blobber01/
0box-sdk        [INFO]   2024/06/19 17:36:15.366413 multi_operation_worker.go:326: Commit successhttps://test3-bv4.zus.network/blobber01/
0box-sdk        [INFO]   2024/06/19 17:36:15.546203 writemarker_mutex.go:128: https://test3-bv4.zus.network/blobber01/hPrffwbnNeMSMUdJXpdYWh unlocked
0box-sdk        [INFO]   2024/06/19 17:36:15.745154 writemarker_mutex.go:128: https://test3-bv1.zus.network/blobber01/hPrffwbnNeMSMUdJXpdYWh unlocked
0chain-core-sdk [INFO]   2024/06/19 17:36:15.882965 wallet_base.go:331: ******* Wallet SDK Version:v1.12.1-3-gbc68f654 ******* (SetLogFile)
0box-sdk        [INFO]   2024/06/19 17:36:15.883128 sdk.go:99: ******* Storage SDK Version: v1.12.1-3-gbc68f654 *******
0chain-core-sdk [INFO]   2024/06/19 17:36:16.573013 transaction_base.go:143: ******* Wallet SDK Version:v1.12.1-3-gbc68f654 ******* (InitZCNSDK)
0box-sdk        [DEBUG]  2024/06/19 17:36:17.341992 networkworker.go:119: Get network result:{"miners":["https://test3a.zus.network/miner01","https://test3a.zus.network/miner02","https://test3b.zus.network/miner02","https://test3b.zus.network/miner01"],"sharders":["https://test3b.zus.network/sharder01","https://test3a.zus.network/sharder01"]}
0box-sdk        [INFO]   2024/06/19 17:36:19.220897 node.go:194: Query from https://test3b.zus.network/sharder01/v1/client/get/balance?client_id=1746b06bb09f55ee01b33b5e2e055d6cc7a900cb57c0a3a5eaabb8a0e7745802
0box-sdk        [INFO]   2024/06/19 17:36:19.220884 node.go:194: Query from https://test3a.zus.network/sharder01/v1/client/get/balance?client_id=1746b06bb09f55ee01b33b5e2e055d6cc7a900cb57c0a3a5eaabb8a0e7745802
0box-sdk        [DEBUG]  2024/06/19 17:36:19.390721 node.go:147: https://test3a.zus.network/sharder01/v1/client/get/balance?client_id=1746b06bb09f55ee01b33b5e2e055d6cc7a900cb57c0a3a5eaabb8a0e7745802200 OK
0box-sdk        [DEBUG]  2024/06/19 17:36:19.390864 node.go:152: {"txn":"27f5a4f770cbf7d844f3991af9d115813fbc6ac9427ce3dd55a30b6f350994b2","round":3736,"balance":19339599867000000,"nonce":18}
0box-sdk        [DEBUG]  2024/06/19 17:36:19.398086 node.go:147: https://test3b.zus.network/sharder01/v1/client/get/balance?client_id=1746b06bb09f55ee01b33b5e2e055d6cc7a900cb57c0a3a5eaabb8a0e7745802200 OK
0box-sdk        [DEBUG]  2024/06/19 17:36:19.398193 node.go:152: {"txn":"27f5a4f770cbf7d844f3991af9d115813fbc6ac9427ce3dd55a30b6f350994b2","round":3736,"balance":19339599867000000,"nonce":18}
0box-sdk        [INFO]   2024/06/19 17:36:19.399943 sdk.go:1574: executing transaction 'new_allocation_request' with hash 85d3be645340f85cef745f011f399ce60b427ad247a5c9789220cf9f342333c6 
0box-sdk        [INFO]   2024/06/19 17:36:19.400012 sdk.go:1575: estimated txn fee: 30000000
0chain-core-sdk [INFO]   2024/06/19 17:36:25.414702 wallet_base.go:331: ******* Wallet SDK Version:v1.12.1-3-gbc68f654 ******* (SetLogFile)
0box-sdk        [INFO]   2024/06/19 17:36:25.414795 sdk.go:99: ******* Storage SDK Version: v1.12.1-3-gbc68f654 *******
0chain-core-sdk [INFO]   2024/06/19 17:36:26.297662 transaction_base.go:143: ******* Wallet SDK Version:v1.12.1-3-gbc68f654 ******* (InitZCNSDK)
0box-sdk        [DEBUG]  2024/06/19 17:36:27.043283 networkworker.go:119: Get network result:{"miners":["https://test3b.zus.network/miner02","https://test3b.zus.network/miner01","https://test3a.zus.network/miner01","https://test3a.zus.network/miner02"],"sharders":["https://test3b.zus.network/sharder01","https://test3a.zus.network/sharder01"]}
0box-sdk        [INFO]   2024/06/19 17:36:28.513532 multi_operation_worker.go:126: https://test3-bv1.zus.network/blobber01/ connection obj created.
0box-sdk        [INFO]   2024/06/19 17:36:28.604043 multi_operation_worker.go:126: https://test3-bv4.zus.network/blobber01/ connection obj created.
0box-sdk        [INFO]   2024/06/19 17:36:28.710248 multi_operation_worker.go:126: https://test3-bv2.zus.network/blobber01/ connection obj created.
0box-sdk        [INFO]   2024/06/19 17:36:28.711575 multi_operation_worker.go:162: MultiOperation Process start
0box-sdk        [INFO]   2024/06/19 17:38:23.855220 upload_worker.go:63: UploadOperation Success{name 15 0 200mbfile.pdf <nil>}
0box-sdk        [INFO]   2024/06/19 17:38:23.857510 multi_operation_worker.go:225: Trying to lock write marker.....
0box-sdk        [INFO]   2024/06/19 17:38:24.562174 writemarker_mutex.go:322: https://test3-bv1.zus.network/blobber01/HAoMysveYyyKiMks2qMLnX locked
0box-sdk        [INFO]   2024/06/19 17:38:25.270424 writemarker_mutex.go:322: https://test3-bv2.zus.network/blobber01/HAoMysveYyyKiMks2qMLnX locked
0box-sdk        [INFO]   2024/06/19 17:38:25.319201 writemarker_mutex.go:322: https://test3-bv4.zus.network/blobber01/HAoMysveYyyKiMks2qMLnX locked
0box-sdk        [INFO]   2024/06/19 17:38:25.319432 multi_operation_worker.go:235: [writemarkerLocked]1462
0box-sdk        [INFO]   2024/06/19 17:38:25.509566 multi_operation_worker.go:292: [checkAllocStatus]190
0box-sdk        [INFO]   2024/06/19 17:38:25.509744 multi_operation_worker.go:315: Commit request sending to blobber https://test3-bv1.zus.network/blobber01/
0box-sdk        [INFO]   2024/06/19 17:38:25.509779 multi_operation_worker.go:315: Commit request sending to blobber https://test3-bv4.zus.network/blobber01/
0box-sdk        [INFO]   2024/06/19 17:38:25.509824 multi_operation_worker.go:315: Commit request sending to blobber https://test3-bv2.zus.network/blobber01/
0box-sdk        [INFO]   2024/06/19 17:38:25.509852 commitworker.go:102: received a commit request
0box-sdk        [INFO]   2024/06/19 17:38:25.509828 commitworker.go:102: received a commit request
0box-sdk        [INFO]   2024/06/19 17:38:25.509983 commitworker.go:102: received a commit request
0box-sdk        [INFO]   2024/06/19 17:38:25.690675 commitworker.go:258: Committing to blobber.https://test3-bv1.zus.network/blobber01/
0box-sdk        [INFO]   2024/06/19 17:38:25.690712 commitworker.go:258: Committing to blobber.https://test3-bv2.zus.network/blobber01/
0box-sdk        [INFO]   2024/06/19 17:38:25.702077 commitworker.go:258: Committing to blobber.https://test3-bv4.zus.network/blobber01/
0box-sdk        [INFO]   2024/06/19 17:38:25.873494 commitworker.go:297: https://test3-bv1.zus.network/blobber01/ committed
0box-sdk        [INFO]   2024/06/19 17:38:25.873578 commitworker.go:213: [commitBlobber]363
0box-sdk        [INFO]   2024/06/19 17:38:25.876931 commitworker.go:297: https://test3-bv2.zus.network/blobber01/ committed
0box-sdk        [INFO]   2024/06/19 17:38:25.876976 commitworker.go:213: [commitBlobber]367
0box-sdk        [INFO]   2024/06/19 17:38:25.899224 commitworker.go:297: https://test3-bv4.zus.network/blobber01/ committed
0box-sdk        [INFO]   2024/06/19 17:38:25.899314 commitworker.go:213: [commitBlobber]389
0box-sdk        [INFO]   2024/06/19 17:38:25.899349 multi_operation_worker.go:320: [commitRequests]389
0box-sdk        [INFO]   2024/06/19 17:38:25.899382 multi_operation_worker.go:326: Commit successhttps://test3-bv1.zus.network/blobber01/
0box-sdk        [INFO]   2024/06/19 17:38:25.899405 multi_operation_worker.go:326: Commit successhttps://test3-bv4.zus.network/blobber01/
0box-sdk        [INFO]   2024/06/19 17:38:25.899422 multi_operation_worker.go:326: Commit successhttps://test3-bv2.zus.network/blobber01/
0box-sdk        [INFO]   2024/06/19 17:38:26.075746 writemarker_mutex.go:128: https://test3-bv2.zus.network/blobber01/HAoMysveYyyKiMks2qMLnX unlocked
0box-sdk        [INFO]   2024/06/19 17:38:26.087480 writemarker_mutex.go:128: https://test3-bv4.zus.network/blobber01/HAoMysveYyyKiMks2qMLnX unlocked
0box-sdk        [INFO]   2024/06/19 17:38:26.258135 writemarker_mutex.go:128: https://test3-bv1.zus.network/blobber01/HAoMysveYyyKiMks2qMLnX unlocked
0chain-core-sdk [INFO]   2024/06/19 17:38:26.360725 wallet_base.go:331: ******* Wallet SDK Version:v1.12.1-3-gbc68f654 ******* (SetLogFile)
0box-sdk        [INFO]   2024/06/19 17:38:26.360845 sdk.go:99: ******* Storage SDK Version: v1.12.1-3-gbc68f654 *******
0chain-core-sdk [INFO]   2024/06/19 17:38:27.134392 transaction_base.go:143: ******* Wallet SDK Version:v1.12.1-3-gbc68f654 ******* (InitZCNSDK)
0box-sdk        [DEBUG]  2024/06/19 17:38:27.915814 networkworker.go:119: Get network result:{"miners":["https://test3b.zus.network/miner02","https://test3b.zus.network/miner01","https://test3a.zus.network/miner01","https://test3a.zus.network/miner02"],"sharders":["https://test3b.zus.network/sharder01","https://test3a.zus.network/sharder01"]}
0box-sdk        [INFO]   2024/06/19 17:38:29.509025 multi_operation_worker.go:126: https://test3-bv1.zus.network/blobber01/ connection obj created.
0box-sdk        [INFO]   2024/06/19 17:38:29.570428 multi_operation_worker.go:126: https://test3-bv4.zus.network/blobber01/ connection obj created.
0box-sdk        [INFO]   2024/06/19 17:38:29.581398 multi_operation_worker.go:126: https://test3-bv2.zus.network/blobber01/ connection obj created.
0box-sdk        [INFO]   2024/06/19 17:38:29.585611 multi_operation_worker.go:162: MultiOperation Process start
0box-sdk        [INFO]   2024/06/19 17:44:21.040704 upload_worker.go:63: UploadOperation Success{name 15 0 file512000.txt <nil>}
0box-sdk        [INFO]   2024/06/19 17:44:21.043613 multi_operation_worker.go:225: Trying to lock write marker.....
0box-sdk        [INFO]   2024/06/19 17:44:21.916682 writemarker_mutex.go:322: https://test3-bv1.zus.network/blobber01/XKwXW2Hz96iBeDwJDhSnsB locked
0box-sdk        [INFO]   2024/06/19 17:44:22.746639 writemarker_mutex.go:322: https://test3-bv2.zus.network/blobber01/XKwXW2Hz96iBeDwJDhSnsB locked
0box-sdk        [INFO]   2024/06/19 17:44:22.813121 writemarker_mutex.go:322: https://test3-bv4.zus.network/blobber01/XKwXW2Hz96iBeDwJDhSnsB locked
0box-sdk        [INFO]   2024/06/19 17:44:22.813355 multi_operation_worker.go:235: [writemarkerLocked]1770
0box-sdk        [INFO]   2024/06/19 17:44:23.013078 multi_operation_worker.go:292: [checkAllocStatus]199
0box-sdk        [INFO]   2024/06/19 17:44:23.013219 multi_operation_worker.go:315: Commit request sending to blobber https://test3-bv1.zus.network/blobber01/
0box-sdk        [INFO]   2024/06/19 17:44:23.013259 multi_operation_worker.go:315: Commit request sending to blobber https://test3-bv4.zus.network/blobber01/
0box-sdk        [INFO]   2024/06/19 17:44:23.013284 multi_operation_worker.go:315: Commit request sending to blobber https://test3-bv2.zus.network/blobber01/
0box-sdk        [INFO]   2024/06/19 17:44:23.013348 commitworker.go:102: received a commit request
0box-sdk        [INFO]   2024/06/19 17:44:23.013367 commitworker.go:102: received a commit request
0box-sdk        [INFO]   2024/06/19 17:44:23.013326 commitworker.go:102: received a commit request
0box-sdk        [INFO]   2024/06/19 17:44:23.211304 commitworker.go:258: Committing to blobber.https://test3-bv1.zus.network/blobber01/
0box-sdk        [INFO]   2024/06/19 17:44:23.211568 commitworker.go:258: Committing to blobber.https://test3-bv4.zus.network/blobber01/
0box-sdk        [INFO]   2024/06/19 17:44:23.212254 commitworker.go:258: Committing to blobber.https://test3-bv2.zus.network/blobber01/
0box-sdk        [INFO]   2024/06/19 17:44:23.404034 commitworker.go:297: https://test3-bv1.zus.network/blobber01/ committed
0box-sdk        [INFO]   2024/06/19 17:44:23.404254 commitworker.go:213: [commitBlobber]390
0box-sdk        [INFO]   2024/06/19 17:44:23.412073 commitworker.go:297: https://test3-bv4.zus.network/blobber01/ committed
0box-sdk        [INFO]   2024/06/19 17:44:23.412153 commitworker.go:213: [commitBlobber]398
0box-sdk        [INFO]   2024/06/19 17:44:23.417315 commitworker.go:297: https://test3-bv2.zus.network/blobber01/ committed
0box-sdk        [INFO]   2024/06/19 17:44:23.417400 commitworker.go:213: [commitBlobber]404
0box-sdk        [INFO]   2024/06/19 17:44:23.417439 multi_operation_worker.go:320: [commitRequests]404
0box-sdk        [INFO]   2024/06/19 17:44:23.417473 multi_operation_worker.go:326: Commit successhttps://test3-bv1.zus.network/blobber01/
0box-sdk        [INFO]   2024/06/19 17:44:23.417499 multi_operation_worker.go:326: Commit successhttps://test3-bv4.zus.network/blobber01/
0box-sdk        [INFO]   2024/06/19 17:44:23.417520 multi_operation_worker.go:326: Commit successhttps://test3-bv2.zus.network/blobber01/
0box-sdk        [INFO]   2024/06/19 17:44:23.612213 writemarker_mutex.go:128: https://test3-bv4.zus.network/blobber01/XKwXW2Hz96iBeDwJDhSnsB unlocked
0box-sdk        [INFO]   2024/06/19 17:44:23.612213 writemarker_mutex.go:128: https://test3-bv2.zus.network/blobber01/XKwXW2Hz96iBeDwJDhSnsB unlocked
0box-sdk        [INFO]   2024/06/19 17:44:23.798930 writemarker_mutex.go:128: https://test3-bv1.zus.network/blobber01/XKwXW2Hz96iBeDwJDhSnsB unlocked
0chain-core-sdk [INFO]   2024/06/19 17:44:23.966661 wallet_base.go:331: ******* Wallet SDK Version:v1.12.1-3-gbc68f654 ******* (SetLogFile)
0box-sdk        [INFO]   2024/06/19 17:44:23.966759 sdk.go:99: ******* Storage SDK Version: v1.12.1-3-gbc68f654 *******
0chain-core-sdk [INFO]   2024/06/19 17:44:24.900572 transaction_base.go:143: ******* Wallet SDK Version:v1.12.1-3-gbc68f654 ******* (InitZCNSDK)
0box-sdk        [DEBUG]  2024/06/19 17:44:25.712980 networkworker.go:119: Get network result:{"miners":["https://test3b.zus.network/miner02","https://test3b.zus.network/miner01","https://test3a.zus.network/miner01","https://test3a.zus.network/miner02"],"sharders":["https://test3b.zus.network/sharder01","https://test3a.zus.network/sharder01"]}
0box-sdk        [INFO]   2024/06/19 17:44:27.765876 node.go:194: Query from https://test3a.zus.network/sharder01/v1/client/get/balance?client_id=1746b06bb09f55ee01b33b5e2e055d6cc7a900cb57c0a3a5eaabb8a0e7745802
0box-sdk        [INFO]   2024/06/19 17:44:27.765860 node.go:194: Query from https://test3b.zus.network/sharder01/v1/client/get/balance?client_id=1746b06bb09f55ee01b33b5e2e055d6cc7a900cb57c0a3a5eaabb8a0e7745802
0box-sdk        [DEBUG]  2024/06/19 17:44:27.952059 node.go:147: https://test3b.zus.network/sharder01/v1/client/get/balance?client_id=1746b06bb09f55ee01b33b5e2e055d6cc7a900cb57c0a3a5eaabb8a0e7745802200 OK
0box-sdk        [DEBUG]  2024/06/19 17:44:27.952313 node.go:152: {"txn":"85d3be645340f85cef745f011f399ce60b427ad247a5c9789220cf9f342333c6","round":5371,"balance":19339499837000000,"nonce":19}
0box-sdk        [DEBUG]  2024/06/19 17:44:27.965490 node.go:147: https://test3a.zus.network/sharder01/v1/client/get/balance?client_id=1746b06bb09f55ee01b33b5e2e055d6cc7a900cb57c0a3a5eaabb8a0e7745802200 OK
0box-sdk        [DEBUG]  2024/06/19 17:44:27.965595 node.go:152: {"txn":"85d3be645340f85cef745f011f399ce60b427ad247a5c9789220cf9f342333c6","round":5371,"balance":19339499837000000,"nonce":19}
0box-sdk        [INFO]   2024/06/19 17:44:27.967309 sdk.go:1574: executing transaction 'new_allocation_request' with hash 624ad3fdc37ba60eaf99ed2ea2b30e6068f2509b4929fd237834d448c754e481 
0box-sdk        [INFO]   2024/06/19 17:44:27.967364 sdk.go:1575: estimated txn fee: 30000000
0chain-core-sdk [INFO]   2024/06/19 17:44:34.038177 wallet_base.go:331: ******* Wallet SDK Version:v1.12.1-3-gbc68f654 ******* (SetLogFile)
0box-sdk        [INFO]   2024/06/19 17:44:34.038337 sdk.go:99: ******* Storage SDK Version: v1.12.1-3-gbc68f654 *******
0chain-core-sdk [INFO]   2024/06/19 17:44:34.817535 transaction_base.go:143: ******* Wallet SDK Version:v1.12.1-3-gbc68f654 ******* (InitZCNSDK)
0box-sdk        [DEBUG]  2024/06/19 17:44:35.543948 networkworker.go:119: Get network result:{"miners":["https://test3b.zus.network/miner02","https://test3b.zus.network/miner01","https://test3a.zus.network/miner01","https://test3a.zus.network/miner02"],"sharders":["https://test3a.zus.network/sharder01","https://test3b.zus.network/sharder01"]}
0box-sdk        [INFO]   2024/06/19 17:44:37.017994 multi_operation_worker.go:126: https://test3-bv2.zus.network/blobber01/ connection obj created.
0box-sdk        [INFO]   2024/06/19 17:44:37.079771 multi_operation_worker.go:126: https://test3-bv4.zus.network/blobber01/ connection obj created.
0box-sdk        [INFO]   2024/06/19 17:44:37.116537 multi_operation_worker.go:126: https://test3-bv1.zus.network/blobber01/ connection obj created.
0box-sdk        [INFO]   2024/06/19 17:44:37.119357 multi_operation_worker.go:162: MultiOperation Process start
0box-sdk        [INFO]   2024/06/19 17:46:47.919903 upload_worker.go:63: UploadOperation Success{name 15 0 200mbfile.pdf <nil>}
0box-sdk        [INFO]   2024/06/19 17:46:47.921522 multi_operation_worker.go:225: Trying to lock write marker.....
0box-sdk        [INFO]   2024/06/19 17:46:48.652323 writemarker_mutex.go:322: https://test3-bv1.zus.network/blobber01/453Qq3uuUGzFVWtxVo7dPo locked
0box-sdk        [INFO]   2024/06/19 17:46:49.389456 writemarker_mutex.go:322: https://test3-bv4.zus.network/blobber01/453Qq3uuUGzFVWtxVo7dPo locked
0box-sdk        [INFO]   2024/06/19 17:46:49.562760 writemarker_mutex.go:322: https://test3-bv2.zus.network/blobber01/453Qq3uuUGzFVWtxVo7dPo locked
0box-sdk        [INFO]   2024/06/19 17:46:49.562923 multi_operation_worker.go:235: [writemarkerLocked]1641
0box-sdk        [INFO]   2024/06/19 17:46:49.790774 multi_operation_worker.go:292: [checkAllocStatus]227
0box-sdk        [INFO]   2024/06/19 17:46:49.790970 multi_operation_worker.go:315: Commit request sending to blobber https://test3-bv1.zus.network/blobber01/
0box-sdk        [INFO]   2024/06/19 17:46:49.791058 multi_operation_worker.go:315: Commit request sending to blobber https://test3-bv4.zus.network/blobber01/
0box-sdk        [INFO]   2024/06/19 17:46:49.791134 multi_operation_worker.go:315: Commit request sending to blobber https://test3-bv2.zus.network/blobber01/
0box-sdk        [INFO]   2024/06/19 17:46:49.791384 commitworker.go:102: received a commit request
0box-sdk        [INFO]   2024/06/19 17:46:49.791167 commitworker.go:102: received a commit request
0box-sdk        [INFO]   2024/06/19 17:46:49.791192 commitworker.go:102: received a commit request
0box-sdk        [INFO]   2024/06/19 17:46:49.975906 commitworker.go:258: Committing to blobber.https://test3-bv1.zus.network/blobber01/
0box-sdk        [INFO]   2024/06/19 17:46:49.977146 commitworker.go:258: Committing to blobber.https://test3-bv4.zus.network/blobber01/
0box-sdk        [INFO]   2024/06/19 17:46:50.020785 commitworker.go:258: Committing to blobber.https://test3-bv2.zus.network/blobber01/
0box-sdk        [INFO]   2024/06/19 17:46:50.168291 commitworker.go:297: https://test3-bv1.zus.network/blobber01/ committed
0box-sdk        [INFO]   2024/06/19 17:46:50.168798 commitworker.go:213: [commitBlobber]377
0box-sdk        [INFO]   2024/06/19 17:46:50.178577 commitworker.go:297: https://test3-bv4.zus.network/blobber01/ committed
0box-sdk        [INFO]   2024/06/19 17:46:50.178718 commitworker.go:213: [commitBlobber]387
0box-sdk        [INFO]   2024/06/19 17:46:50.238784 commitworker.go:297: https://test3-bv2.zus.network/blobber01/ committed
0box-sdk        [INFO]   2024/06/19 17:46:50.238936 commitworker.go:213: [commitBlobber]447
0box-sdk        [INFO]   2024/06/19 17:46:50.238984 multi_operation_worker.go:320: [commitRequests]448
0box-sdk        [INFO]   2024/06/19 17:46:50.239009 multi_operation_worker.go:326: Commit successhttps://test3-bv1.zus.network/blobber01/
0box-sdk        [INFO]   2024/06/19 17:46:50.239031 multi_operation_worker.go:326: Commit successhttps://test3-bv4.zus.network/blobber01/
0box-sdk        [INFO]   2024/06/19 17:46:50.239044 multi_operation_worker.go:326: Commit successhttps://test3-bv2.zus.network/blobber01/
0box-sdk        [INFO]   2024/06/19 17:46:50.427767 writemarker_mutex.go:128: https://test3-bv4.zus.network/blobber01/453Qq3uuUGzFVWtxVo7dPo unlocked
0box-sdk        [INFO]   2024/06/19 17:46:50.447463 writemarker_mutex.go:128: https://test3-bv2.zus.network/blobber01/453Qq3uuUGzFVWtxVo7dPo unlocked
0box-sdk        [INFO]   2024/06/19 17:46:50.629794 writemarker_mutex.go:128: https://test3-bv1.zus.network/blobber01/453Qq3uuUGzFVWtxVo7dPo unlocked
0chain-core-sdk [INFO]   2024/06/19 17:46:50.733848 wallet_base.go:331: ******* Wallet SDK Version:v1.12.1-3-gbc68f654 ******* (SetLogFile)
0box-sdk        [INFO]   2024/06/19 17:46:50.733957 sdk.go:99: ******* Storage SDK Version: v1.12.1-3-gbc68f654 *******
0chain-core-sdk [INFO]   2024/06/19 17:46:51.486044 transaction_base.go:143: ******* Wallet SDK Version:v1.12.1-3-gbc68f654 ******* (InitZCNSDK)
0box-sdk        [DEBUG]  2024/06/19 17:46:52.257022 networkworker.go:119: Get network result:{"miners":["https://test3b.zus.network/miner02","https://test3b.zus.network/miner01","https://test3a.zus.network/miner01","https://test3a.zus.network/miner02"],"sharders":["https://test3b.zus.network/sharder01","https://test3a.zus.network/sharder01"]}
0box-sdk        [INFO]   2024/06/19 17:46:53.920117 multi_operation_worker.go:126: https://test3-bv4.zus.network/blobber01/ connection obj created.
0box-sdk        [INFO]   2024/06/19 17:46:53.936943 multi_operation_worker.go:126: https://test3-bv2.zus.network/blobber01/ connection obj created.
0box-sdk        [INFO]   2024/06/19 17:46:53.966756 multi_operation_worker.go:126: https://test3-bv1.zus.network/blobber01/ connection obj created.
0box-sdk        [INFO]   2024/06/19 17:46:53.970000 multi_operation_worker.go:162: MultiOperation Process start
